mode: set
mini_project/controllers/order.go:18.74,22.2 1 1
mini_project/controllers/order.go:24.57,41.16 10 1
mini_project/controllers/order.go:41.16,47.3 1 1
mini_project/controllers/order.go:49.2,50.16 2 1
mini_project/controllers/order.go:50.16,56.3 1 0
mini_project/controllers/order.go:58.2,62.4 1 1
mini_project/controllers/order.go:65.57,68.16 2 1
mini_project/controllers/order.go:68.16,74.3 1 0
mini_project/controllers/order.go:76.2,80.4 1 1
mini_project/controllers/order.go:83.61,87.16 3 1
mini_project/controllers/order.go:87.16,93.3 1 1
mini_project/controllers/order.go:95.2,99.4 1 1
mini_project/controllers/order.go:102.61,112.16 6 1
mini_project/controllers/order.go:112.16,118.3 1 1
mini_project/controllers/order.go:120.2,124.4 1 1
mini_project/controllers/transaction.go:21.86,26.2 1 1
mini_project/controllers/transaction.go:28.65,31.16 2 1
mini_project/controllers/transaction.go:31.16,37.3 1 1
mini_project/controllers/transaction.go:39.2,41.16 2 1
mini_project/controllers/transaction.go:41.16,47.3 1 0
mini_project/controllers/transaction.go:49.2,53.16 3 1
mini_project/controllers/transaction.go:53.16,59.3 1 0
mini_project/controllers/transaction.go:61.2,63.57 2 1
mini_project/controllers/transaction.go:63.57,69.6 1 0
mini_project/controllers/transaction.go:71.2,75.16 3 1
mini_project/controllers/transaction.go:75.16,81.3 1 0
mini_project/controllers/transaction.go:83.2,86.16 3 1
mini_project/controllers/transaction.go:86.16,92.3 1 1
mini_project/controllers/transaction.go:94.2,100.4 2 1
mini_project/controllers/user.go:17.72,21.2 1 1
mini_project/controllers/user.go:23.58,37.16 7 1
mini_project/controllers/user.go:37.16,43.3 1 1
mini_project/controllers/user.go:45.2,46.16 2 1
mini_project/controllers/user.go:46.16,52.3 1 0
mini_project/controllers/user.go:54.2,58.4 1 1
mini_project/controllers/user.go:61.55,71.16 5 1
mini_project/controllers/user.go:71.16,77.3 1 1
mini_project/controllers/user.go:79.2,83.4 1 1
mini_project/controllers/vehicle.go:18.78,22.2 1 1
mini_project/controllers/vehicle.go:24.59,39.16 8 1
mini_project/controllers/vehicle.go:39.16,45.3 1 1
mini_project/controllers/vehicle.go:47.2,48.16 2 1
mini_project/controllers/vehicle.go:48.16,54.3 1 0
mini_project/controllers/vehicle.go:56.2,60.4 1 1
mini_project/controllers/vehicle.go:63.62,68.16 3 1
mini_project/controllers/vehicle.go:68.16,74.3 1 0
mini_project/controllers/vehicle.go:76.2,80.4 1 1
mini_project/controllers/vehicle.go:83.59,86.16 2 1
mini_project/controllers/vehicle.go:86.16,92.3 1 0
mini_project/controllers/vehicle.go:94.2,98.4 1 1
mini_project/controllers/vehicle.go:101.60,105.16 3 1
mini_project/controllers/vehicle.go:105.16,111.3 1 1
mini_project/controllers/vehicle.go:113.2,117.4 1 1
mini_project/controllers/vehicle.go:120.65,125.16 3 1
mini_project/controllers/vehicle.go:125.16,131.3 1 1
mini_project/controllers/vehicle.go:133.2,137.4 1 1
mini_project/controllers/vehicle.go:140.59,155.16 8 1
mini_project/controllers/vehicle.go:155.16,161.3 1 1
mini_project/controllers/vehicle.go:163.2,165.16 3 1
mini_project/controllers/vehicle.go:165.16,171.3 1 0
mini_project/controllers/vehicle.go:173.2,177.4 1 1
mini_project/controllers/vehicle.go:180.59,183.46 2 1
mini_project/controllers/vehicle.go:183.46,189.3 1 1
mini_project/controllers/vehicle.go:191.2,194.4 1 1
